2015-08-21 22:53:00 EDT [4885]: [1-1] user=,db=,app=,client= LOG:  database system was shut down at 2015-08-21 22:52:25 EDT
2015-08-21 22:53:00 EDT [4885]: [2-1] user=,db=,app=,client= LOG:  MultiXact member wraparound protections are now enabled
2015-08-21 22:53:00 EDT [4884]: [1-1] user=,db=,app=,client= LOG:  database system is ready to accept connections
2015-08-21 22:53:00 EDT [4890]: [1-1] user=,db=,app=,client= LOG:  autovacuum launcher started
2015-08-21 22:53:01 EDT [4887]: [1-1] user=,db=,app=,client= LOG:  checkpoint starting: immediate force wait flush-all
2015-08-21 22:53:02 EDT [4887]: [2-1] user=,db=,app=,client= LOG:  checkpoint complete: wrote 9 buffers (0.0%); 0 transaction log file(s) added, 0 removed, 0 recycled; write=0.024 s, sync=0.007 s, total=0.039 s; sync files=9, longest=0.001 s, average=0.000 s; distance=12 kB, estimate=12 kB
2015-08-21 22:53:02 EDT [4887]: [3-1] user=,db=,app=,client= LOG:  checkpoint starting: immediate force wait
2015-08-21 22:53:02 EDT [4887]: [4-1] user=,db=,app=,client= LOG:  checkpoint complete: wrote 0 buffers (0.0%); 0 transaction log file(s) added, 0 removed, 0 recycled; write=0.010 s, sync=0.000 s, total=0.014 s; sync files=0, longest=0.000 s, average=0.000 s; distance=0 kB, estimate=11 kB
2015-08-21 22:54:31 EDT [5577]: [1-1] user=,db=,app=,client= LOG:  Getting relation statistics for public.supplier
2015-08-21 22:55:31 EDT [5652]: [1-1] user=,db=,app=,client= LOG:  Getting relation statistics for public.part
2015-08-21 22:56:56 EDT [5577]: [2-1] user=,db=,app=,client= LOG:  Getting detailed statistics for public.supplier
2015-08-21 22:57:01 EDT [5652]: [2-1] user=,db=,app=,client= LOG:  Getting detailed statistics for public.part
2015-08-21 22:57:11 EDT [5801]: [1-1] user=mark,db=dbt3,app=psql,client=[local] LOG:  Getting relation statistics for public.region
2015-08-21 22:57:11 EDT [5801]: [2-1] user=mark,db=dbt3,app=psql,client=[local] STATEMENT:  VACUUM ANALYZE region;
2015-08-21 22:57:12 EDT [5801]: [3-1] user=mark,db=dbt3,app=psql,client=[local] LOG:  Getting relation statistics for public.region
2015-08-21 22:57:12 EDT [5801]: [4-1] user=mark,db=dbt3,app=psql,client=[local] STATEMENT:  VACUUM ANALYZE region;
2015-08-21 22:57:12 EDT [5800]: [1-1] user=mark,db=dbt3,app=psql,client=[local] LOG:  Getting relation statistics for public.nation
2015-08-21 22:57:12 EDT [5800]: [2-1] user=mark,db=dbt3,app=psql,client=[local] STATEMENT:  VACUUM ANALYZE nation;
2015-08-21 22:57:15 EDT [5801]: [5-1] user=mark,db=dbt3,app=psql,client=[local] LOG:  Getting detailed statistics for public.region
2015-08-21 22:57:15 EDT [5801]: [6-1] user=mark,db=dbt3,app=psql,client=[local] STATEMENT:  VACUUM ANALYZE region;
2015-08-21 22:57:15 EDT [5800]: [3-1] user=mark,db=dbt3,app=psql,client=[local] LOG:  Getting relation statistics for public.nation
2015-08-21 22:57:15 EDT [5800]: [4-1] user=mark,db=dbt3,app=psql,client=[local] STATEMENT:  VACUUM ANALYZE nation;
2015-08-21 22:57:17 EDT [5800]: [5-1] user=mark,db=dbt3,app=psql,client=[local] LOG:  Getting detailed statistics for public.nation
2015-08-21 22:57:17 EDT [5800]: [6-1] user=mark,db=dbt3,app=psql,client=[local] STATEMENT:  VACUUM ANALYZE nation;
2015-08-21 22:57:31 EDT [5807]: [1-1] user=,db=,app=,client= LOG:  Getting relation statistics for public.supplier
2015-08-21 22:57:33 EDT [5807]: [2-1] user=,db=,app=,client= LOG:  Getting detailed statistics for public.supplier
2015-08-21 22:58:02 EDT [4887]: [5-1] user=,db=,app=,client= LOG:  checkpoint starting: time
2015-08-21 22:58:31 EDT [5882]: [1-1] user=,db=,app=,client= LOG:  Getting relation statistics for public.part
2015-08-21 22:58:32 EDT [5891]: [1-1] user=mark,db=dbt3,app=psql,client=[local] LOG:  sending cancel to blocking autovacuum PID 5882
2015-08-21 22:58:32 EDT [5891]: [2-1] user=mark,db=dbt3,app=psql,client=[local] DETAIL:  Process 5891 waits for ShareLock on relation 16396 of database 16392.
2015-08-21 22:58:32 EDT [5891]: [3-1] user=mark,db=dbt3,app=psql,client=[local] STATEMENT:  
	CREATE INDEX part_p_name_idx
	ON part(p_name);
2015-08-21 22:58:32 EDT [5891]: [4-1] user=mark,db=dbt3,app=psql,client=[local] LOG:  process 5891 still waiting for ShareLock on relation 16396 of database 16392 after 1000.235 ms
2015-08-21 22:58:32 EDT [5891]: [5-1] user=mark,db=dbt3,app=psql,client=[local] DETAIL:  Process holding the lock: 5882. Wait queue: 5891, 5892, 5893, 5895, 5894.
2015-08-21 22:58:32 EDT [5891]: [6-1] user=mark,db=dbt3,app=psql,client=[local] STATEMENT:  
	CREATE INDEX part_p_name_idx
	ON part(p_name);
2015-08-21 22:58:32 EDT [5882]: [2-1] user=,db=,app=,client= ERROR:  canceling autovacuum task
2015-08-21 22:58:32 EDT [5882]: [3-1] user=,db=,app=,client= CONTEXT:  automatic analyze of table "dbt3.public.part"
2015-08-21 22:58:33 EDT [5893]: [1-1] user=mark,db=dbt3,app=psql,client=[local] LOG:  sending cancel to blocking autovacuum PID 5882
2015-08-21 22:58:33 EDT [5893]: [2-1] user=mark,db=dbt3,app=psql,client=[local] DETAIL:  Process 5893 waits for ShareLock on relation 16396 of database 16392.
2015-08-21 22:58:33 EDT [5893]: [3-1] user=mark,db=dbt3,app=psql,client=[local] STATEMENT:  
	CREATE INDEX part_p_container_p_brand_p_partkey_idx
	ON part(p_container, p_brand, p_partkey);
2015-08-21 22:58:33 EDT [5893]: [4-1] user=mark,db=dbt3,app=psql,client=[local] LOG:  process 5893 still waiting for ShareLock on relation 16396 of database 16392 after 1000.256 ms
2015-08-21 22:58:33 EDT [5893]: [5-1] user=mark,db=dbt3,app=psql,client=[local] DETAIL:  Process holding the lock: 5882. Wait queue: 5891, 5892, 5893, 5895, 5894.
2015-08-21 22:58:33 EDT [5893]: [6-1] user=mark,db=dbt3,app=psql,client=[local] STATEMENT:  
	CREATE INDEX part_p_container_p_brand_p_partkey_idx
	ON part(p_container, p_brand, p_partkey);
2015-08-21 22:58:33 EDT [5892]: [1-1] user=mark,db=dbt3,app=psql,client=[local] LOG:  sending cancel to blocking autovacuum PID 5882
2015-08-21 22:58:33 EDT [5892]: [2-1] user=mark,db=dbt3,app=psql,client=[local] DETAIL:  Process 5892 waits for AccessExclusiveLock on relation 16396 of database 16392.
2015-08-21 22:58:33 EDT [5892]: [3-1] user=mark,db=dbt3,app=psql,client=[local] STATEMENT:  
	ALTER TABLE part
	ADD CONSTRAINT pk_part PRIMARY KEY (p_partkey) ;
2015-08-21 22:58:33 EDT [5892]: [4-1] user=mark,db=dbt3,app=psql,client=[local] LOG:  process 5892 still waiting for AccessExclusiveLock on relation 16396 of database 16392 after 1008.226 ms
2015-08-21 22:58:33 EDT [5892]: [5-1] user=mark,db=dbt3,app=psql,client=[local] DETAIL:  Process holding the lock: 5882. Wait queue: 5891, 5892, 5893, 5895, 5894.
2015-08-21 22:58:33 EDT [5892]: [6-1] user=mark,db=dbt3,app=psql,client=[local] STATEMENT:  
	ALTER TABLE part
	ADD CONSTRAINT pk_part PRIMARY KEY (p_partkey) ;
2015-08-21 22:58:33 EDT [5895]: [1-1] user=mark,db=dbt3,app=psql,client=[local] LOG:  sending cancel to blocking autovacuum PID 5882
2015-08-21 22:58:33 EDT [5895]: [2-1] user=mark,db=dbt3,app=psql,client=[local] DETAIL:  Process 5895 waits for ShareLock on relation 16396 of database 16392.
2015-08-21 22:58:33 EDT [5895]: [3-1] user=mark,db=dbt3,app=psql,client=[local] STATEMENT:  
	CREATE INDEX part_p_size_idx
	ON part(p_size);
2015-08-21 22:58:33 EDT [5895]: [4-1] user=mark,db=dbt3,app=psql,client=[local] LOG:  process 5895 still waiting for ShareLock on relation 16396 of database 16392 after 1000.208 ms
2015-08-21 22:58:33 EDT [5895]: [5-1] user=mark,db=dbt3,app=psql,client=[local] DETAIL:  Process holding the lock: 5882. Wait queue: 5891, 5892, 5893, 5895, 5894.
2015-08-21 22:58:33 EDT [5895]: [6-1] user=mark,db=dbt3,app=psql,client=[local] STATEMENT:  
	CREATE INDEX part_p_size_idx
	ON part(p_size);
2015-08-21 22:58:33 EDT [5894]: [1-1] user=mark,db=dbt3,app=psql,client=[local] LOG:  sending cancel to blocking autovacuum PID 5882
2015-08-21 22:58:33 EDT [5894]: [2-1] user=mark,db=dbt3,app=psql,client=[local] DETAIL:  Process 5894 waits for ShareLock on relation 16396 of database 16392.
2015-08-21 22:58:33 EDT [5894]: [3-1] user=mark,db=dbt3,app=psql,client=[local] STATEMENT:  
	CREATE INDEX part_p_type_p_partkey_idx
	ON part(p_type, p_partkey);
2015-08-21 22:58:33 EDT [5894]: [4-1] user=mark,db=dbt3,app=psql,client=[local] LOG:  process 5894 still waiting for ShareLock on relation 16396 of database 16392 after 1008.228 ms
2015-08-21 22:58:33 EDT [5894]: [5-1] user=mark,db=dbt3,app=psql,client=[local] DETAIL:  Process holding the lock: 5882. Wait queue: 5891, 5892, 5893, 5895, 5894.
2015-08-21 22:58:33 EDT [5894]: [6-1] user=mark,db=dbt3,app=psql,client=[local] STATEMENT:  
	CREATE INDEX part_p_type_p_partkey_idx
	ON part(p_type, p_partkey);
2015-08-21 22:58:33 EDT [5882]: [4-1] user=,db=,app=,client= ERROR:  canceling autovacuum task
2015-08-21 22:58:33 EDT [5891]: [7-1] user=mark,db=dbt3,app=psql,client=[local] LOG:  process 5891 acquired ShareLock on relation 16396 of database 16392 after 1882.705 ms
2015-08-21 22:58:33 EDT [5891]: [8-1] user=mark,db=dbt3,app=psql,client=[local] STATEMENT:  
	CREATE INDEX part_p_name_idx
	ON part(p_name);
2015-08-21 22:58:37 EDT [4887]: [6-1] user=,db=,app=,client= LOG:  checkpoint complete: wrote 320 buffers (0.0%); 0 transaction log file(s) added, 0 removed, 0 recycled; write=34.624 s, sync=0.195 s, total=34.845 s; sync files=42, longest=0.058 s, average=0.004 s; distance=2311 kB, estimate=2311 kB
2015-08-21 22:59:01 EDT [5906]: [1-1] user=mark,db=dbt3,app=psql,client=[local] LOG:  process 5906 still waiting for AccessExclusiveLock on relation 16393 of database 16392 after 1010.538 ms
2015-08-21 22:59:01 EDT [5906]: [2-1] user=mark,db=dbt3,app=psql,client=[local] DETAIL:  Processes holding the lock: 5904, 5905. Wait queue: 5906.
2015-08-21 22:59:01 EDT [5906]: [3-1] user=mark,db=dbt3,app=psql,client=[local] STATEMENT:  
	ALTER TABLE supplier
	ADD CONSTRAINT pk_supplier PRIMARY KEY (s_suppkey) ;
2015-08-21 22:59:20 EDT [5906]: [4-1] user=mark,db=dbt3,app=psql,client=[local] LOG:  process 5906 acquired AccessExclusiveLock on relation 16393 of database 16392 after 20338.531 ms
2015-08-21 22:59:20 EDT [5906]: [5-1] user=mark,db=dbt3,app=psql,client=[local] STATEMENT:  
	ALTER TABLE supplier
	ADD CONSTRAINT pk_supplier PRIMARY KEY (s_suppkey) ;
2015-08-21 22:59:22 EDT [5892]: [7-1] user=mark,db=dbt3,app=psql,client=[local] LOG:  process 5892 acquired AccessExclusiveLock on relation 16396 of database 16392 after 50058.140 ms
2015-08-21 22:59:22 EDT [5892]: [8-1] user=mark,db=dbt3,app=psql,client=[local] STATEMENT:  
	ALTER TABLE part
	ADD CONSTRAINT pk_part PRIMARY KEY (p_partkey) ;
2015-08-21 22:59:29 EDT [5895]: [7-1] user=mark,db=dbt3,app=psql,client=[local] LOG:  process 5895 acquired ShareLock on relation 16396 of database 16392 after 57802.582 ms
2015-08-21 22:59:29 EDT [5895]: [8-1] user=mark,db=dbt3,app=psql,client=[local] STATEMENT:  
	CREATE INDEX part_p_size_idx
	ON part(p_size);
2015-08-21 22:59:29 EDT [5893]: [7-1] user=mark,db=dbt3,app=psql,client=[local] LOG:  process 5893 acquired ShareLock on relation 16396 of database 16392 after 57818.650 ms
2015-08-21 22:59:29 EDT [5893]: [8-1] user=mark,db=dbt3,app=psql,client=[local] STATEMENT:  
	CREATE INDEX part_p_container_p_brand_p_partkey_idx
	ON part(p_container, p_brand, p_partkey);
2015-08-21 22:59:29 EDT [5894]: [7-1] user=mark,db=dbt3,app=psql,client=[local] LOG:  process 5894 acquired ShareLock on relation 16396 of database 16392 after 57799.389 ms
2015-08-21 22:59:29 EDT [5894]: [8-1] user=mark,db=dbt3,app=psql,client=[local] STATEMENT:  
	CREATE INDEX part_p_type_p_partkey_idx
	ON part(p_type, p_partkey);
2015-08-21 22:59:31 EDT [5983]: [1-1] user=,db=,app=,client= LOG:  Getting relation statistics for public.supplier
2015-08-21 22:59:33 EDT [5983]: [2-1] user=,db=,app=,client= LOG:  Getting detailed statistics for public.supplier
2015-08-21 23:00:31 EDT [6073]: [1-1] user=,db=,app=,client= LOG:  Getting relation statistics for public.part
2015-08-21 23:00:35 EDT [6073]: [2-1] user=,db=,app=,client= LOG:  Getting detailed statistics for public.part
2015-08-21 23:00:41 EDT [5980]: [1-1] user=mark,db=dbt3,app=psql,client=[local] LOG:  Getting relation statistics for public.supplier
2015-08-21 23:00:41 EDT [5980]: [2-1] user=mark,db=dbt3,app=psql,client=[local] STATEMENT:  VACUUM ANALYZE supplier;
2015-08-21 23:00:44 EDT [5980]: [3-1] user=mark,db=dbt3,app=psql,client=[local] LOG:  Getting relation statistics for public.supplier
2015-08-21 23:00:44 EDT [5980]: [4-1] user=mark,db=dbt3,app=psql,client=[local] STATEMENT:  VACUUM ANALYZE supplier;
2015-08-21 23:00:46 EDT [5980]: [5-1] user=mark,db=dbt3,app=psql,client=[local] LOG:  Getting detailed statistics for public.supplier
2015-08-21 23:00:46 EDT [5980]: [6-1] user=mark,db=dbt3,app=psql,client=[local] STATEMENT:  VACUUM ANALYZE supplier;
2015-08-21 23:00:57 EDT [6073]: [3-1] user=,db=,app=,client= LOG:  Getting relation statistics for public.partsupp
2015-08-21 23:00:59 EDT [6073]: [4-1] user=,db=,app=,client= LOG:  Getting detailed statistics for public.partsupp
2015-08-21 23:01:37 EDT [6070]: [1-1] user=mark,db=dbt3,app=psql,client=[local] LOG:  Getting relation statistics for public.part
2015-08-21 23:01:37 EDT [6070]: [2-1] user=mark,db=dbt3,app=psql,client=[local] STATEMENT:  VACUUM ANALYZE part;
2015-08-21 23:01:41 EDT [6070]: [3-1] user=mark,db=dbt3,app=psql,client=[local] LOG:  Getting relation statistics for public.part
2015-08-21 23:01:41 EDT [6070]: [4-1] user=mark,db=dbt3,app=psql,client=[local] STATEMENT:  VACUUM ANALYZE part;
2015-08-21 23:01:43 EDT [6070]: [5-1] user=mark,db=dbt3,app=psql,client=[local] LOG:  Getting detailed statistics for public.part
2015-08-21 23:01:43 EDT [6070]: [6-1] user=mark,db=dbt3,app=psql,client=[local] STATEMENT:  VACUUM ANALYZE part;
2015-08-21 23:02:31 EDT [6250]: [1-1] user=,db=,app=,client= LOG:  Getting relation statistics for public.partsupp
2015-08-21 23:02:32 EDT [6250]: [2-1] user=,db=,app=,client= LOG:  Getting detailed statistics for public.partsupp
2015-08-21 23:03:02 EDT [4887]: [7-1] user=,db=,app=,client= LOG:  checkpoint starting: time
2015-08-21 23:03:31 EDT [6326]: [1-1] user=,db=,app=,client= LOG:  Getting relation statistics for public.partsupp
2015-08-21 23:03:32 EDT [6326]: [2-1] user=,db=,app=,client= LOG:  Getting detailed statistics for public.partsupp
2015-08-21 23:04:05 EDT [4887]: [8-1] user=,db=,app=,client= LOG:  checkpoint complete: wrote 577 buffers (0.1%); 1 transaction log file(s) added, 0 removed, 0 recycled; write=62.379 s, sync=0.094 s, total=62.955 s; sync files=26, longest=0.061 s, average=0.003 s; distance=3812 kB, estimate=3812 kB
2015-08-21 23:04:31 EDT [6401]: [1-1] user=,db=,app=,client= LOG:  Getting relation statistics for public.partsupp
2015-08-21 23:04:32 EDT [6401]: [2-1] user=,db=,app=,client= LOG:  Getting detailed statistics for public.partsupp
2015-08-21 23:04:33 EDT [6401]: [3-1] user=,db=,app=,client= LOG:  Getting relation statistics for public.customer
2015-08-21 23:04:34 EDT [6401]: [4-1] user=,db=,app=,client= LOG:  Getting detailed statistics for public.customer
2015-08-21 23:04:48 EDT [6411]: [1-1] user=mark,db=dbt3,app=psql,client=[local] LOG:  process 6411 still waiting for AccessExclusiveLock on relation 16399 of database 16392 after 1005.312 ms
2015-08-21 23:04:48 EDT [6411]: [2-1] user=mark,db=dbt3,app=psql,client=[local] DETAIL:  Process holding the lock: 6410. Wait queue: 6411.
2015-08-21 23:04:48 EDT [6411]: [3-1] user=mark,db=dbt3,app=psql,client=[local] STATEMENT:  
	ALTER TABLE partsupp
	ADD CONSTRAINT pk_partsupp
	PRIMARY KEY (ps_partkey, ps_suppkey) ;
2015-08-21 23:05:05 EDT [6411]: [4-1] user=mark,db=dbt3,app=psql,client=[local] LOG:  process 6411 acquired AccessExclusiveLock on relation 16399 of database 16392 after 18044.306 ms
2015-08-21 23:05:05 EDT [6411]: [5-1] user=mark,db=dbt3,app=psql,client=[local] STATEMENT:  
	ALTER TABLE partsupp
	ADD CONSTRAINT pk_partsupp
	PRIMARY KEY (ps_partkey, ps_suppkey) ;
2015-08-21 23:05:31 EDT [6487]: [1-1] user=,db=,app=,client= LOG:  Getting relation statistics for public.partsupp
2015-08-21 23:05:33 EDT [6487]: [2-1] user=,db=,app=,client= LOG:  Getting detailed statistics for public.partsupp
2015-08-21 23:05:33 EDT [6487]: [3-1] user=,db=,app=,client= LOG:  Getting relation statistics for public.customer
2015-08-21 23:05:34 EDT [6487]: [4-1] user=,db=,app=,client= LOG:  Getting detailed statistics for public.customer
2015-08-21 23:06:02 EDT [6507]: [1-1] user=mark,db=dbt3,app=psql,client=[local] LOG:  process 6507 still waiting for AccessExclusiveLock on relation 16402 of database 16392 after 1000.108 ms
2015-08-21 23:06:02 EDT [6507]: [2-1] user=mark,db=dbt3,app=psql,client=[local] DETAIL:  Process holding the lock: 6506. Wait queue: 6507, 6511, 6505, 6513.
2015-08-21 23:06:02 EDT [6507]: [3-1] user=mark,db=dbt3,app=psql,client=[local] STATEMENT:  
	ALTER TABLE customer
	ADD CONSTRAINT pk_customer PRIMARY KEY (c_custkey) ;
2015-08-21 23:06:02 EDT [6511]: [1-1] user=mark,db=dbt3,app=psql,client=[local] LOG:  process 6511 still waiting for ShareLock on relation 16402 of database 16392 after 1000.089 ms
2015-08-21 23:06:02 EDT [6511]: [2-1] user=mark,db=dbt3,app=psql,client=[local] DETAIL:  Process holding the lock: 6506. Wait queue: 6507, 6511, 6505, 6513.
2015-08-21 23:06:02 EDT [6511]: [3-1] user=mark,db=dbt3,app=psql,client=[local] STATEMENT:  
	CREATE INDEX customer_c_nationkey_c_custkey_idx
	ON customer (c_nationkey, c_custkey);
2015-08-21 23:06:02 EDT [6505]: [1-1] user=mark,db=dbt3,app=psql,client=[local] LOG:  process 6505 still waiting for ShareLock on relation 16402 of database 16392 after 1000.089 ms
2015-08-21 23:06:02 EDT [6505]: [2-1] user=mark,db=dbt3,app=psql,client=[local] DETAIL:  Process holding the lock: 6506. Wait queue: 6507, 6511, 6505, 6513.
2015-08-21 23:06:02 EDT [6505]: [3-1] user=mark,db=dbt3,app=psql,client=[local] STATEMENT:  
	CREATE INDEX customer_c_mktsegment_c_custkey_idx
	ON customer (c_mktsegment, c_custkey);
2015-08-21 23:06:02 EDT [6513]: [1-1] user=mark,db=dbt3,app=psql,client=[local] LOG:  process 6513 still waiting for ShareLock on relation 16402 of database 16392 after 1000.100 ms
2015-08-21 23:06:02 EDT [6513]: [2-1] user=mark,db=dbt3,app=psql,client=[local] DETAIL:  Process holding the lock: 6506. Wait queue: 6507, 6511, 6505, 6513.
2015-08-21 23:06:02 EDT [6513]: [3-1] user=mark,db=dbt3,app=psql,client=[local] STATEMENT:  
	CREATE INDEX customer_c_phone_idx_c_acctbal
	ON customer (substr(c_phone::text, 1, 2))
	WHERE c_acctbal > 0.00;
2015-08-21 23:06:17 EDT [6484]: [1-1] user=mark,db=dbt3,app=psql,client=[local] LOG:  Getting relation statistics for public.partsupp
2015-08-21 23:06:17 EDT [6484]: [2-1] user=mark,db=dbt3,app=psql,client=[local] STATEMENT:  VACUUM ANALYZE partsupp;
2015-08-21 23:06:17 EDT [6484]: [3-1] user=mark,db=dbt3,app=psql,client=[local] LOG:  Getting relation statistics for public.partsupp
2015-08-21 23:06:17 EDT [6484]: [4-1] user=mark,db=dbt3,app=psql,client=[local] STATEMENT:  VACUUM ANALYZE partsupp;
2015-08-21 23:06:17 EDT [6484]: [5-1] user=mark,db=dbt3,app=psql,client=[local] LOG:  Getting detailed statistics for public.partsupp
2015-08-21 23:06:17 EDT [6484]: [6-1] user=mark,db=dbt3,app=psql,client=[local] STATEMENT:  VACUUM ANALYZE partsupp;
2015-08-21 23:06:31 EDT [6582]: [1-1] user=,db=,app=,client= LOG:  Getting relation statistics for public.orders
2015-08-21 23:06:31 EDT [6582]: [2-1] user=,db=,app=,client= LOG:  Getting detailed statistics for public.orders
2015-08-21 23:07:09 EDT [6507]: [4-1] user=mark,db=dbt3,app=psql,client=[local] LOG:  process 6507 acquired AccessExclusiveLock on relation 16402 of database 16392 after 67883.134 ms
2015-08-21 23:07:09 EDT [6507]: [5-1] user=mark,db=dbt3,app=psql,client=[local] STATEMENT:  
	ALTER TABLE customer
	ADD CONSTRAINT pk_customer PRIMARY KEY (c_custkey) ;
2015-08-21 23:07:21 EDT [6505]: [4-1] user=mark,db=dbt3,app=psql,client=[local] LOG:  process 6505 acquired ShareLock on relation 16402 of database 16392 after 79757.981 ms
2015-08-21 23:07:21 EDT [6505]: [5-1] user=mark,db=dbt3,app=psql,client=[local] STATEMENT:  
	CREATE INDEX customer_c_mktsegment_c_custkey_idx
	ON customer (c_mktsegment, c_custkey);
2015-08-21 23:07:21 EDT [6513]: [4-1] user=mark,db=dbt3,app=psql,client=[local] LOG:  process 6513 acquired ShareLock on relation 16402 of database 16392 after 79723.104 ms
2015-08-21 23:07:21 EDT [6513]: [5-1] user=mark,db=dbt3,app=psql,client=[local] STATEMENT:  
	CREATE INDEX customer_c_phone_idx_c_acctbal
	ON customer (substr(c_phone::text, 1, 2))
	WHERE c_acctbal > 0.00;
2015-08-21 23:07:21 EDT [6511]: [4-1] user=mark,db=dbt3,app=psql,client=[local] LOG:  process 6511 acquired ShareLock on relation 16402 of database 16392 after 79761.330 ms
2015-08-21 23:07:21 EDT [6511]: [5-1] user=mark,db=dbt3,app=psql,client=[local] STATEMENT:  
	CREATE INDEX customer_c_nationkey_c_custkey_idx
	ON customer (c_nationkey, c_custkey);
2015-08-21 23:07:31 EDT [6660]: [1-1] user=,db=,app=,client= LOG:  Getting relation statistics for public.orders
2015-08-21 23:07:31 EDT [6660]: [2-1] user=,db=,app=,client= LOG:  Getting detailed statistics for public.orders
2015-08-21 23:07:41 EDT [6674]: [1-1] user=mark,db=dbt3,app=psql,client=[local] LOG:  process 6674 still waiting for AccessExclusiveLock on relation 16405 of database 16392 after 1006.153 ms
2015-08-21 23:07:41 EDT [6674]: [2-1] user=mark,db=dbt3,app=psql,client=[local] DETAIL:  Processes holding the lock: 6670, 6672. Wait queue: 6674.
2015-08-21 23:07:41 EDT [6674]: [3-1] user=mark,db=dbt3,app=psql,client=[local] STATEMENT:  
	ALTER TABLE orders
	ADD CONSTRAINT pk_orders PRIMARY KEY (o_orderkey) ;
2015-08-21 23:08:02 EDT [4887]: [9-1] user=,db=,app=,client= LOG:  checkpoint starting: time
2015-08-21 23:08:19 EDT [4887]: [10-1] user=,db=,app=,client= LOG:  checkpoint complete: wrote 165 buffers (0.0%); 0 transaction log file(s) added, 0 removed, 0 recycled; write=17.254 s, sync=0.268 s, total=17.578 s; sync files=24, longest=0.023 s, average=0.011 s; distance=1218 kB, estimate=3553 kB
2015-08-21 23:08:59 EDT [6674]: [4-1] user=mark,db=dbt3,app=psql,client=[local] LOG:  process 6674 acquired AccessExclusiveLock on relation 16405 of database 16392 after 78500.475 ms
2015-08-21 23:08:59 EDT [6674]: [5-1] user=mark,db=dbt3,app=psql,client=[local] STATEMENT:  
	ALTER TABLE orders
	ADD CONSTRAINT pk_orders PRIMARY KEY (o_orderkey) ;
2015-08-21 23:09:31 EDT [6830]: [1-1] user=,db=,app=,client= LOG:  Getting relation statistics for public.customer
2015-08-21 23:09:31 EDT [6830]: [2-1] user=,db=,app=,client= LOG:  Getting detailed statistics for public.customer
2015-08-21 23:09:31 EDT [6830]: [3-1] user=,db=,app=,client= LOG:  Getting relation statistics for public.orders
2015-08-21 23:09:31 EDT [6830]: [4-1] user=,db=,app=,client= LOG:  Getting detailed statistics for public.orders
2015-08-21 23:11:11 EDT [6827]: [1-1] user=mark,db=dbt3,app=psql,client=[local] LOG:  Getting relation statistics for public.orders
2015-08-21 23:11:11 EDT [6827]: [2-1] user=mark,db=dbt3,app=psql,client=[local] STATEMENT:  VACUUM ANALYZE orders;
2015-08-21 23:11:11 EDT [6827]: [3-1] user=mark,db=dbt3,app=psql,client=[local] LOG:  Getting relation statistics for public.orders
2015-08-21 23:11:11 EDT [6827]: [4-1] user=mark,db=dbt3,app=psql,client=[local] STATEMENT:  VACUUM ANALYZE orders;
2015-08-21 23:11:11 EDT [6827]: [5-1] user=mark,db=dbt3,app=psql,client=[local] LOG:  Getting detailed statistics for public.orders
2015-08-21 23:11:11 EDT [6827]: [6-1] user=mark,db=dbt3,app=psql,client=[local] STATEMENT:  VACUUM ANALYZE orders;
2015-08-21 23:11:43 EDT [6755]: [1-1] user=mark,db=dbt3,app=psql,client=[local] LOG:  Getting relation statistics for public.customer
2015-08-21 23:11:43 EDT [6755]: [2-1] user=mark,db=dbt3,app=psql,client=[local] STATEMENT:  VACUUM ANALYZE customer;
2015-08-21 23:11:43 EDT [6755]: [3-1] user=mark,db=dbt3,app=psql,client=[local] LOG:  Getting relation statistics for public.customer
2015-08-21 23:11:43 EDT [6755]: [4-1] user=mark,db=dbt3,app=psql,client=[local] STATEMENT:  VACUUM ANALYZE customer;
2015-08-21 23:11:43 EDT [6755]: [5-1] user=mark,db=dbt3,app=psql,client=[local] LOG:  Getting detailed statistics for public.customer
2015-08-21 23:11:43 EDT [6755]: [6-1] user=mark,db=dbt3,app=psql,client=[local] STATEMENT:  VACUUM ANALYZE customer;
2015-08-21 23:13:02 EDT [4887]: [11-1] user=,db=,app=,client= LOG:  checkpoint starting: time
2015-08-21 23:13:27 EDT [4887]: [12-1] user=,db=,app=,client= LOG:  checkpoint complete: wrote 237 buffers (0.0%); 0 transaction log file(s) added, 0 removed, 0 recycled; write=24.209 s, sync=0.011 s, total=24.237 s; sync files=24, longest=0.011 s, average=0.000 s; distance=1794 kB, estimate=3377 kB
2015-08-21 23:18:02 EDT [4887]: [13-1] user=,db=,app=,client= LOG:  checkpoint starting: time
2015-08-21 23:18:02 EDT [4887]: [14-1] user=,db=,app=,client= LOG:  checkpoint complete: wrote 0 buffers (0.0%); 0 transaction log file(s) added, 0 removed, 1 recycled; write=0.011 s, sync=0.000 s, total=0.059 s; sync files=0, longest=0.000 s, average=0.000 s; distance=3 kB, estimate=3039 kB
2015-08-21 23:23:02 EDT [4887]: [15-1] user=,db=,app=,client= LOG:  checkpoint starting: time
2015-08-21 23:23:02 EDT [4887]: [16-1] user=,db=,app=,client= LOG:  checkpoint complete: wrote 0 buffers (0.0%); 0 transaction log file(s) added, 0 removed, 0 recycled; write=0.010 s, sync=0.000 s, total=0.015 s; sync files=0, longest=0.000 s, average=0.000 s; distance=3 kB, estimate=2736 kB
2015-08-21 23:23:31 EDT [7892]: [1-1] user=,db=,app=,client= LOG:  Getting relation statistics for public.lineitem
2015-08-21 23:23:31 EDT [7892]: [2-1] user=,db=,app=,client= LOG:  Getting detailed statistics for public.lineitem
2015-08-21 23:24:01 EDT [7905]: [1-1] user=mark,db=dbt3,app=psql,client=[local] LOG:  process 7905 still waiting for AccessExclusiveLock on relation 16408 of database 16392 after 1000.096 ms
2015-08-21 23:24:01 EDT [7905]: [2-1] user=mark,db=dbt3,app=psql,client=[local] DETAIL:  Process holding the lock: 7907. Wait queue: 7905, 7906, 7910, 7908, 7916, 7913, 7919.
2015-08-21 23:24:01 EDT [7905]: [3-1] user=mark,db=dbt3,app=psql,client=[local] STATEMENT:  
	ALTER TABLE lineitem
	ADD CONSTRAINT pk_lineitem PRIMARY KEY (l_orderkey, l_linenumber) ;
2015-08-21 23:24:01 EDT [7906]: [1-1] user=mark,db=dbt3,app=psql,client=[local] LOG:  process 7906 still waiting for ShareLock on relation 16408 of database 16392 after 1000.095 ms
2015-08-21 23:24:01 EDT [7906]: [2-1] user=mark,db=dbt3,app=psql,client=[local] DETAIL:  Process holding the lock: 7907. Wait queue: 7905, 7906, 7910, 7908, 7916, 7913, 7919.
2015-08-21 23:24:01 EDT [7906]: [3-1] user=mark,db=dbt3,app=psql,client=[local] STATEMENT:  
	CREATE INDEX lineitem_l_orderkey_idx_part2
	ON lineitem (l_orderkey)
	WHERE l_commitdate < l_receiptdate
	  AND l_shipdate < l_commitdate;
2015-08-21 23:24:01 EDT [7910]: [1-1] user=mark,db=dbt3,app=psql,client=[local] LOG:  process 7910 still waiting for ShareLock on relation 16408 of database 16392 after 1000.091 ms
2015-08-21 23:24:01 EDT [7910]: [2-1] user=mark,db=dbt3,app=psql,client=[local] DETAIL:  Process holding the lock: 7907. Wait queue: 7905, 7906, 7910, 7908, 7916, 7913, 7919.
2015-08-21 23:24:01 EDT [7910]: [3-1] user=mark,db=dbt3,app=psql,client=[local] STATEMENT:  
	CREATE INDEX lineitem_l_shipdate_l_suppkey__idx
	ON lineitem (l_shipdate, l_suppkey);
2015-08-21 23:24:01 EDT [7908]: [1-1] user=mark,db=dbt3,app=psql,client=[local] LOG:  process 7908 still waiting for ShareLock on relation 16408 of database 16392 after 1000.090 ms
2015-08-21 23:24:01 EDT [7908]: [2-1] user=mark,db=dbt3,app=psql,client=[local] DETAIL:  Process holding the lock: 7907. Wait queue: 7905, 7906, 7910, 7908, 7916, 7913, 7919.
2015-08-21 23:24:01 EDT [7908]: [3-1] user=mark,db=dbt3,app=psql,client=[local] STATEMENT:  
	CREATE INDEX lineitem_l_partkey_l_quantity_l_shipmode_idx
	ON lineitem (l_partkey, l_quantity, l_shipmode);
2015-08-21 23:24:01 EDT [7916]: [1-1] user=mark,db=dbt3,app=psql,client=[local] LOG:  process 7916 still waiting for ShareLock on relation 16408 of database 16392 after 1000.093 ms
2015-08-21 23:24:01 EDT [7916]: [2-1] user=mark,db=dbt3,app=psql,client=[local] DETAIL:  Process holding the lock: 7907. Wait queue: 7905, 7906, 7910, 7908, 7916, 7913, 7919.
2015-08-21 23:24:01 EDT [7916]: [3-1] user=mark,db=dbt3,app=psql,client=[local] STATEMENT:  
	CREATE INDEX lineitem_l_orderkey_idx_part1
	ON lineitem (l_orderkey)
	WHERE l_commitdate < l_receiptdate;
2015-08-21 23:24:01 EDT [7913]: [1-1] user=mark,db=dbt3,app=psql,client=[local] LOG:  process 7913 still waiting for ShareLock on relation 16408 of database 16392 after 1000.090 ms
2015-08-21 23:24:01 EDT [7913]: [2-1] user=mark,db=dbt3,app=psql,client=[local] DETAIL:  Process holding the lock: 7907. Wait queue: 7905, 7906, 7910, 7908, 7916, 7913, 7919.
2015-08-21 23:24:01 EDT [7913]: [3-1] user=mark,db=dbt3,app=psql,client=[local] STATEMENT:  
	CREATE INDEX lineitem_l_orderkey_l_linenumber_l_shipdate_idx
	ON lineitem (l_orderkey, l_linenumber, l_shipdate);
2015-08-21 23:24:01 EDT [7919]: [1-1] user=mark,db=dbt3,app=psql,client=[local] LOG:  process 7919 still waiting for ShareLock on relation 16408 of database 16392 after 1000.091 ms
2015-08-21 23:24:01 EDT [7919]: [2-1] user=mark,db=dbt3,app=psql,client=[local] DETAIL:  Process holding the lock: 7907. Wait queue: 7905, 7906, 7910, 7908, 7916, 7913, 7919.
2015-08-21 23:24:01 EDT [7919]: [3-1] user=mark,db=dbt3,app=psql,client=[local] STATEMENT:  
	CREATE INDEX lineitem_l_orderkey_idx
	ON lineitem (l_orderkey);
2015-08-21 23:25:20 EDT [7905]: [4-1] user=mark,db=dbt3,app=psql,client=[local] LOG:  process 7905 acquired AccessExclusiveLock on relation 16408 of database 16392 after 79713.091 ms
2015-08-21 23:25:20 EDT [7905]: [5-1] user=mark,db=dbt3,app=psql,client=[local] STATEMENT:  
	ALTER TABLE lineitem
	ADD CONSTRAINT pk_lineitem PRIMARY KEY (l_orderkey, l_linenumber) ;
2015-08-21 23:26:37 EDT [7906]: [4-1] user=mark,db=dbt3,app=psql,client=[local] LOG:  process 7906 acquired ShareLock on relation 16408 of database 16392 after 156973.863 ms
2015-08-21 23:26:37 EDT [7906]: [5-1] user=mark,db=dbt3,app=psql,client=[local] STATEMENT:  
	CREATE INDEX lineitem_l_orderkey_idx_part2
	ON lineitem (l_orderkey)
	WHERE l_commitdate < l_receiptdate
	  AND l_shipdate < l_commitdate;
2015-08-21 23:26:37 EDT [7910]: [4-1] user=mark,db=dbt3,app=psql,client=[local] LOG:  process 7910 acquired ShareLock on relation 16408 of database 16392 after 156970.249 ms
2015-08-21 23:26:37 EDT [7910]: [5-1] user=mark,db=dbt3,app=psql,client=[local] STATEMENT:  
	CREATE INDEX lineitem_l_shipdate_l_suppkey__idx
	ON lineitem (l_shipdate, l_suppkey);
2015-08-21 23:26:37 EDT [7916]: [4-1] user=mark,db=dbt3,app=psql,client=[local] LOG:  process 7916 acquired ShareLock on relation 16408 of database 16392 after 156967.649 ms
2015-08-21 23:26:37 EDT [7916]: [5-1] user=mark,db=dbt3,app=psql,client=[local] STATEMENT:  
	CREATE INDEX lineitem_l_orderkey_idx_part1
	ON lineitem (l_orderkey)
	WHERE l_commitdate < l_receiptdate;
2015-08-21 23:26:37 EDT [7913]: [4-1] user=mark,db=dbt3,app=psql,client=[local] LOG:  process 7913 acquired ShareLock on relation 16408 of database 16392 after 156967.659 ms
2015-08-21 23:26:37 EDT [7913]: [5-1] user=mark,db=dbt3,app=psql,client=[local] STATEMENT:  
	CREATE INDEX lineitem_l_orderkey_l_linenumber_l_shipdate_idx
	ON lineitem (l_orderkey, l_linenumber, l_shipdate);
2015-08-21 23:26:37 EDT [7908]: [4-1] user=mark,db=dbt3,app=psql,client=[local] LOG:  process 7908 acquired ShareLock on relation 16408 of database 16392 after 156970.204 ms
2015-08-21 23:26:37 EDT [7908]: [5-1] user=mark,db=dbt3,app=psql,client=[local] STATEMENT:  
	CREATE INDEX lineitem_l_partkey_l_quantity_l_shipmode_idx
	ON lineitem (l_partkey, l_quantity, l_shipmode);
2015-08-21 23:26:37 EDT [7919]: [4-1] user=mark,db=dbt3,app=psql,client=[local] LOG:  process 7919 acquired ShareLock on relation 16408 of database 16392 after 156966.757 ms
2015-08-21 23:26:37 EDT [7919]: [5-1] user=mark,db=dbt3,app=psql,client=[local] STATEMENT:  
	CREATE INDEX lineitem_l_orderkey_idx
	ON lineitem (l_orderkey);
2015-08-21 23:28:02 EDT [4887]: [17-1] user=,db=,app=,client= LOG:  checkpoint starting: time
2015-08-21 23:29:30 EDT [4887]: [18-1] user=,db=,app=,client= LOG:  checkpoint complete: wrote 879 buffers (0.1%); 0 transaction log file(s) added, 0 removed, 0 recycled; write=87.785 s, sync=0.008 s, total=87.801 s; sync files=22, longest=0.007 s, average=0.000 s; distance=324 kB, estimate=2495 kB
2015-08-21 23:30:31 EDT [8454]: [1-1] user=,db=,app=,client= LOG:  Getting relation statistics for public.lineitem
2015-08-21 23:30:31 EDT [8454]: [2-1] user=,db=,app=,client= LOG:  Getting detailed statistics for public.lineitem
2015-08-21 23:33:02 EDT [4887]: [19-1] user=,db=,app=,client= LOG:  checkpoint starting: time
2015-08-21 23:33:03 EDT [4887]: [20-1] user=,db=,app=,client= LOG:  checkpoint complete: wrote 12 buffers (0.0%); 0 transaction log file(s) added, 0 removed, 0 recycled; write=1.113 s, sync=0.004 s, total=1.122 s; sync files=4, longest=0.001 s, average=0.001 s; distance=56 kB, estimate=2251 kB
2015-08-21 23:36:06 EDT [8451]: [1-1] user=mark,db=dbt3,app=psql,client=[local] LOG:  Getting relation statistics for public.lineitem
2015-08-21 23:36:06 EDT [8451]: [2-1] user=mark,db=dbt3,app=psql,client=[local] STATEMENT:  VACUUM ANALYZE lineitem;
2015-08-21 23:36:06 EDT [8451]: [3-1] user=mark,db=dbt3,app=psql,client=[local] LOG:  Getting relation statistics for public.lineitem
2015-08-21 23:36:06 EDT [8451]: [4-1] user=mark,db=dbt3,app=psql,client=[local] STATEMENT:  VACUUM ANALYZE lineitem;
2015-08-21 23:36:06 EDT [8451]: [5-1] user=mark,db=dbt3,app=psql,client=[local] LOG:  Getting detailed statistics for public.lineitem
2015-08-21 23:36:06 EDT [8451]: [6-1] user=mark,db=dbt3,app=psql,client=[local] STATEMENT:  VACUUM ANALYZE lineitem;
2015-08-21 23:36:14 EDT [4884]: [2-1] user=,db=,app=,client= LOG:  received fast shutdown request
2015-08-21 23:36:14 EDT [4884]: [3-1] user=,db=,app=,client= LOG:  aborting any active transactions
2015-08-21 23:36:14 EDT [4890]: [2-1] user=,db=,app=,client= LOG:  autovacuum launcher shutting down
2015-08-21 23:36:14 EDT [4887]: [21-1] user=,db=,app=,client= LOG:  shutting down
2015-08-21 23:36:14 EDT [4887]: [22-1] user=,db=,app=,client= LOG:  checkpoint starting: shutdown immediate
2015-08-21 23:36:14 EDT [4887]: [23-1] user=,db=,app=,client= LOG:  checkpoint complete: wrote 106 buffers (0.0%); 0 transaction log file(s) added, 0 removed, 0 recycled; write=0.011 s, sync=0.027 s, total=0.044 s; sync files=24, longest=0.003 s, average=0.001 s; distance=708 kB, estimate=2097 kB
2015-08-21 23:36:14 EDT [4887]: [24-1] user=,db=,app=,client= LOG:  database system is shut down
